<?xml version="1.0" encoding="UTF-8"?>
<!-- Generated by org.testng.reporters.JUnitReportReporter -->
<testsuite hostname="POGONOPHILE" failures="0" tests="10" name="testNG.P3_AmazonParameterTestNG" time="56.342" errors="0" timestamp="2023-04-16T16:37:47 IST" skipped="0">
  <testcase classname="testNG.P3_AmazonParameterTestNG" name="navigateToUrl" time="16.756"/>
  <system-out/>
  <testcase classname="testNG.P3_AmazonParameterTestNG" name="navigateToUrl" time="12.249"/>
  <system-out/>
  <testcase classname="testNG.P3_AmazonParameterTestNG" name="searchProduct" time="6.544"/>
  <system-out/>
  <testcase classname="testNG.P3_AmazonParameterTestNG" name="searchProduct" time="6.501"/>
  <system-out/>
  <testcase classname="testNG.P3_AmazonParameterTestNG" name="resultCount" time="4.229"/>
  <system-out/>
  <testcase classname="testNG.P3_AmazonParameterTestNG" name="resultCount" time="0.060"/>
  <system-out/>
  <testcase classname="testNG.P3_AmazonParameterTestNG" name="amazonSearchResultList" time="3.955"/>
  <system-out/>
  <testcase classname="testNG.P3_AmazonParameterTestNG" name="amazonSearchResultList" time="3.362"/>
  <system-out/>
  <testcase classname="testNG.P3_AmazonParameterTestNG" name="amazonResult" time="1.334"/>
  <system-out/>
  <testcase classname="testNG.P3_AmazonParameterTestNG" name="amazonResult" time="1.352"/>
  <system-out/>
</testsuite> <!-- testNG.P3_AmazonParameterTestNG -->
