<?xml version="1.0" encoding="UTF-8"?>
<!-- Generated by org.testng.reporters.JUnitReportReporter -->
<testsuite hostname="POGONOPHILE" failures="0" tests="6" name="testNG.P4_AmazonDataproviderTestNG" time="13.747" errors="0" timestamp="2023-04-16T16:48:50 IST" skipped="0">
  <testcase classname="testNG.P4_AmazonDataproviderTestNG" name="navigateToUrl" time="3.477"/>
  <system-out/>
  <testcase classname="testNG.P4_AmazonDataproviderTestNG" name="searchProduct" time="4.867"/>
  <system-out/>
  <testcase classname="testNG.P4_AmazonDataproviderTestNG" name="searchProduct" time="2.534"/>
  <system-out/>
  <testcase classname="testNG.P4_AmazonDataproviderTestNG" name="resultCount" time="0.101"/>
  <system-out/>
  <testcase classname="testNG.P4_AmazonDataproviderTestNG" name="amazonSearchResultList" time="1.745"/>
  <system-out/>
  <testcase classname="testNG.P4_AmazonDataproviderTestNG" name="amazonResult" time="1.023"/>
  <system-out/>
</testsuite> <!-- testNG.P4_AmazonDataproviderTestNG -->
