<?xml version="1.0" encoding="UTF-8"?>
<!-- Generated by org.testng.reporters.JUnitReportReporter -->
<testsuite hostname="POGONOPHILE" failures="0" tests="5" name="testNG.P2_AmazonTestNG" time="83.854" errors="0" timestamp="2023-04-14T20:21:52 IST" skipped="0">
  <testcase classname="testNG.P2_AmazonTestNG" name="navigateToUrl" time="45.655"/>
  <system-out/>
  <testcase classname="testNG.P2_AmazonTestNG" name="searchProduct" time="34.394"/>
  <system-out/>
  <testcase classname="testNG.P2_AmazonTestNG" name="resultCount" time="0.059"/>
  <system-out/>
  <testcase classname="testNG.P2_AmazonTestNG" name="amazonSearchResultList" time="2.394"/>
  <system-out/>
  <testcase classname="testNG.P2_AmazonTestNG" name="amazonResult" time="1.352"/>
  <system-out/>
</testsuite> <!-- testNG.P2_AmazonTestNG -->
